Name                        Stmts   Miss  Cover   Missing
---------------------------------------------------------
matcher.py                     10      0   100%
parser.py                      18      1    94%   22
pre_parsers.py                 46      0   100%
statements.py                 158      2    99%   191, 195
tests/__init__.py               0      0   100%
tests/conftest.py              22      0   100%
tests/test_integration.py     119      3    97%   90, 140-141
tests/test_pre_parsers.py     108      0   100%
tests/test_statements.py      367      0   100%
tests/test_tokenizer.py       100      0   100%
tests/test_tokens.py          105      0   100%
tokenizer.py                   50      0   100%
tokens.py                      55      0   100%
---------------------------------------------------------
TOTAL                        1158      6    99%
